# JRE version: OpenJDK Runtime Environment JBR-17.0.10+1-1207.14-jcef (17.0.10+1) (build 17.0.10+1-b1207.14)
# Java VM: OpenJDK 64-Bit Server VM JBR-17.0.10+1-1207.14-jcef (17.0.10+1-b1207.14, mixed mode, tiered, compressed oops, compressed class ptrs, g1 gc, windows-amd64)
GC Precious Log:
 CPUs: 4 total, 4 available
 Memory: 16265M
 Large Page Support: Disabled
 NUMA Support: Disabled
 Compressed Oops: Enabled (32-bit)
 Heap Region Size: 1M
 Heap Min Capacity: 128M
 Heap Initial Capacity: 128M
 Heap Max Capacity: 2G
 Pre-touch: Disabled
 Parallel Workers: 4
 Concurrent Workers: 1
 Concurrent Refinement Workers: 4
 Periodic GC: Disabled
Heap:
 garbage-first heap   total 374784K, used 303103K [0x0000000080000000, 0x0000000100000000)
  region size 1024K, 123 young (125952K), 6 survivors (6144K)
 Metaspace       used 205945K, committed 207872K, reserved 1245184K
  class space    used 25614K, committed 26432K, reserved 1048576K
GC Heap History (20 events):
Event: 8.473 GC heap after
{Heap after GC invocations=15 (full 0):
 garbage-first heap   total 157696K, used 84914K [0x0000000080000000, 0x0000000100000000)
  region size 1024K, 1 young (1024K), 1 survivors (1024K)
 Metaspace       used 84870K, committed 85760K, reserved 1179648K
  class space    used 9880K, committed 10240K, reserved 1048576K
}
Event: 9.446 GC heap before
{Heap before GC invocations=15 (full 0):
 garbage-first heap   total 157696K, used 107442K [0x0000000080000000, 0x0000000100000000)
  region size 1024K, 24 young (24576K), 1 survivors (1024K)
 Metaspace       used 99467K, committed 100544K, reserved 1179648K
  class space    used 11817K, committed 12288K, reserved 1048576K
}
Event: 9.457 GC heap after
{Heap after GC invocations=16 (full 0):
 garbage-first heap   total 157696K, used 91136K [0x0000000080000000, 0x0000000100000000)
  region size 1024K, 5 young (5120K), 5 survivors (5120K)
 Metaspace       used 99467K, committed 100544K, reserved 1179648K
  class space    used 11817K, committed 12288K, reserved 1048576K
}
Event: 10.897 GC heap before
{Heap before GC invocations=17 (full 0):
 garbage-first heap   total 167936K, used 128000K [0x0000000080000000, 0x0000000100000000)
  region size 1024K, 34 young (34816K), 5 survivors (5120K)
 Metaspace       used 116518K, committed 117824K, reserved 1179648K
  class space    used 14032K, committed 14592K, reserved 1048576K
}
Event: 10.910 GC heap after
{Heap after GC invocations=18 (full 0):
 garbage-first heap   total 167936K, used 103673K [0x0000000080000000, 0x0000000100000000)
  region size 1024K, 5 young (5120K), 5 survivors (5120K)
 Metaspace       used 116518K, committed 117824K, reserved 1179648K
  class space    used 14032K, committed 14592K, reserved 1048576K
}
Event: 11.033 GC heap before
{Heap before GC invocations=18 (full 0):
 garbage-first heap   total 167936K, used 106745K [0x0000000080000000, 0x0000000100000000)
  region size 1024K, 8 young (8192K), 5 survivors (5120K)
 Metaspace       used 118119K, committed 119424K, reserved 1179648K
  class space    used 14254K, committed 14784K, reserved 1048576K
}
Event: 11.043 GC heap after
{Heap after GC invocations=19 (full 0):
 garbage-first heap   total 167936K, used 103905K [0x0000000080000000, 0x0000000100000000)
  region size 1024K, 1 young (1024K), 1 survivors (1024K)
 Metaspace       used 118119K, committed 119424K, reserved 1179648K
  class space    used 14254K, committed 14784K, reserved 1048576K
}
Event: 12.138 GC heap before
{Heap before GC invocations=19 (full 0):
 garbage-first heap   total 167936K, used 131553K [0x0000000080000000, 0x0000000100000000)
  region size 1024K, 29 young (29696K), 1 survivors (1024K)
 Metaspace       used 135553K, committed 136960K, reserved 1179648K
  class space    used 16551K, committed 17152K, reserved 1048576K
}
Event: 12.149 GC heap after
{Heap after GC invocations=20 (full 0):
 garbage-first heap   total 167936K, used 110096K [0x0000000080000000, 0x0000000100000000)
  region size 1024K, 4 young (4096K), 4 survivors (4096K)
 Metaspace       used 135553K, committed 136960K, reserved 1179648K
  class space    used 16551K, committed 17152K, reserved 1048576K
}
Event: 13.290 GC heap before
{Heap before GC invocations=21 (full 0):
 garbage-first heap   total 191488K, used 131600K [0x0000000080000000, 0x0000000100000000)
  region size 1024K, 26 young (26624K), 4 survivors (4096K)
 Metaspace       used 149344K, committed 150848K, reserved 1245184K
  class space    used 18443K, committed 19072K, reserved 1048576K
}
Event: 13.304 GC heap after
{Heap after GC invocations=22 (full 0):
 garbage-first heap   total 191488K, used 115405K [0x0000000080000000, 0x0000000100000000)
  region size 1024K, 4 young (4096K), 4 survivors (4096K)
 Metaspace       used 149344K, committed 150848K, reserved 1245184K
  class space    used 18443K, committed 19072K, reserved 1048576K
}
Event: 13.565 GC heap before
{Heap before GC invocations=22 (full 0):
 garbage-first heap   total 191488K, used 120525K [0x0000000080000000, 0x0000000100000000)
  region size 1024K, 9 young (9216K), 4 survivors (4096K)
 Metaspace       used 152288K, committed 153856K, reserved 1245184K
  class space    used 18908K, committed 19584K, reserved 1048576K
}
Event: 13.579 GC heap after
{Heap after GC invocations=23 (full 0):
 garbage-first heap   total 374784K, used 115240K [0x0000000080000000, 0x0000000100000000)
  region size 1024K, 2 young (2048K), 2 survivors (2048K)
 Metaspace       used 152288K, committed 153856K, reserved 1245184K
  class space    used 18908K, committed 19584K, reserved 1048576K
}
Event: 17.441 GC heap before
{Heap before GC invocations=23 (full 0):
 garbage-first heap   total 374784K, used 260648K [0x0000000080000000, 0x0000000100000000)
  region size 1024K, 145 young (148480K), 2 survivors (2048K)
 Metaspace       used 188656K, committed 190336K, reserved 1245184K
  class space    used 23459K, committed 24128K, reserved 1048576K
}
Event: 17.475 GC heap after
{Heap after GC invocations=24 (full 0):
 garbage-first heap   total 374784K, used 137937K [0x0000000080000000, 0x0000000100000000)
  region size 1024K, 19 young (19456K), 19 survivors (19456K)
 Metaspace       used 188656K, committed 190336K, reserved 1245184K
  class space    used 23459K, committed 24128K, reserved 1048576K
}
Event: 18.392 GC heap before
{Heap before GC invocations=24 (full 0):
 garbage-first heap   total 374784K, used 258769K [0x0000000080000000, 0x0000000100000000)
  region size 1024K, 138 young (141312K), 19 survivors (19456K)
 Metaspace       used 191933K, committed 193664K, reserved 1245184K
  class space    used 23916K, committed 24640K, reserved 1048576K
}
Event: 18.425 GC heap after
{Heap after GC invocations=25 (full 0):
 garbage-first heap   total 374784K, used 148992K [0x0000000080000000, 0x0000000100000000)
  region size 1024K, 15 young (15360K), 15 survivors (15360K)
 Metaspace       used 191933K, committed 193664K, reserved 1245184K
  class space    used 23916K, committed 24640K, reserved 1048576K
}
Event: 18.763 GC heap before
{Heap before GC invocations=25 (full 0):
 garbage-first heap   total 374784K, used 271871K [0x0000000080000000, 0x0000000100000000)
  region size 1024K, 135 young (138240K), 15 survivors (15360K)
 Metaspace       used 192042K, committed 193792K, reserved 1245184K
  class space    used 23916K, committed 24640K, reserved 1048576K
}
Event: 18.790 GC heap after
{Heap after GC invocations=26 (full 0):
 garbage-first heap   total 374784K, used 162816K [0x0000000080000000, 0x0000000100000000)
  region size 1024K, 15 young (15360K), 15 survivors (15360K)
 Metaspace       used 192042K, committed 193792K, reserved 1245184K
  class space    used 23916K, committed 24640K, reserved 1048576K
}
Event: 20.598 GC heap before
{Heap before GC invocations=26 (full 0):
 garbage-first heap   total 374784K, used 302079K [0x0000000080000000, 0x0000000100000000)
  region size 1024K, 132 young (135168K), 15 survivors (15360K)
 Metaspace       used 205945K, committed 207872K, reserved 1245184K
  class space    used 25614K, committed 26432K, reserved 1048576K
}

